#
# A fatal error has been detected by the Java Runtime Environment:
#
#  SIGSEGV (0xb) at pc=0x00007f2806169340, pid=25979, tid=25994
#
# JRE version: OpenJDK Runtime Environment (11.0.1+13) (build 11.0.1+13-Ubuntu-3ubuntu118.04ppa1)
# Java VM: OpenJDK 64-Bit Server VM (11.0.1+13-Ubuntu-3ubuntu118.04ppa1, mixed mode, sharing, tiered, compressed oops, g1 gc, linux-amd64)
# Problematic frame:
# V  [libjvm.so+0x8f1340]
#
# Core dump will be written. Default location: Core dumps may be processed with "/usr/share/apport/apport %p %s %c %d %P" (or dumping to /home/okun/git/UnsafeObjenesisTest/core.25979)
#
# If you would like to submit a bug report, please visit:
#   http://bugreport.java.com/bugreport/crash.jsp
#

---------------  S U M M A R Y ------------

Command Line: -agentlib:jdwp=transport=dt_socket,address=127.0.0.1:45887,suspend=y,server=n -javaagent:/home/okun/idea/lib/rt/debugger-agent.jar -Dfile.encoding=UTF-8 Main

Host: Intel(R) Core(TM) i3-2100 CPU @ 3.10GHz, 4 cores, 11G, Ubuntu 18.04.1 LTS
Time: Sat Feb  2 19:02:00 2019 PST elapsed time: 14 seconds (0d 0h 0m 14s)

---------------  T H R E A D  ---------------

Current thread (0x00007f2800223000):  JavaThread "JDWP Transport Listener: dt_socket" daemon [_thread_in_vm, id=25994, stack(0x00007f27d857d000,0x00007f27d867e000)]

Stack: [0x00007f27d857d000,0x00007f27d867e000],  sp=0x00007f27d867ca50,  free space=1022k
Native frames: (J=compiled Java code, A=aot compiled Java code, j=interpreted, Vv=VM code, C=native code)
V  [libjvm.so+0x8f1340]
C  [libjdwp.so+0x2878d]
C  [libjdwp.so+0x2aeb7]
C  [libjdwp.so+0x5b1b]
C  [libjdwp.so+0x11d4a]
C  [libjdwp.so+0x24597]
V  [libjvm.so+0xa00fed]
V  [libjvm.so+0xdb8343]
V  [libjvm.so+0xdb8625]
V  [libjvm.so+0xbfc3f0]


siginfo: si_signo: 11 (SIGSEGV), si_code: 1 (SEGV_MAPERR), si_addr: 0x0000000000000010

Register to memory mapping:

RAX=0x0000000000000008 is an unknown value
RBX=0x00007f27a8000cd8 points into unknown readable memory
RCX=0x00007f27a8000cd0 points into unknown readable memory
RDX=0x00007f2806ca7e4c: <offset 0x000000000142fe4c> in /usr/lib/jvm/java-11-openjdk-amd64/lib/server/libjvm.so at 0x00007f2805878000
RSP=0x00007f27d867ca50 is pointing into the stack for thread: 0x00007f2800223000
RBP=0x00007f27d867ca70 is pointing into the stack for thread: 0x00007f2800223000
RSI=0x0000000000000050 is an unknown value
RDI=0x00007f27a8000cd8 points into unknown readable memory
R8 =0x00000008009a7bc0 is pointing into metadata
R9 =0x0000000000000001 is an unknown value
R10=0x00000008003c8020 is pointing into metadata
R11=0x00007f28074d93c0: <offset 0x00000000001af3c0> in /lib/x86_64-linux-gnu/libc.so.6 at 0x00007f280732a000
R12=0x0000000800322e98 is pointing into metadata
R13=0x00007f27d867cb50 is pointing into the stack for thread: 0x00007f2800223000
R14=0x00007f27d867cb80 is pointing into the stack for thread: 0x00007f2800223000
R15=0x00007f27a8000cd8 points into unknown readable memory


Registers:
RAX=0x0000000000000008, RBX=0x00007f27a8000cd8, RCX=0x00007f27a8000cd0, RDX=0x00007f2806ca7e4c
RSP=0x00007f27d867ca50, RBP=0x00007f27d867ca70, RSI=0x0000000000000050, RDI=0x00007f27a8000cd8
R8 =0x00000008009a7bc0, R9 =0x0000000000000001, R10=0x00000008003c8020, R11=0x00007f28074d93c0
R12=0x0000000800322e98, R13=0x00007f27d867cb50, R14=0x00007f27d867cb80, R15=0x00007f27a8000cd8
RIP=0x00007f2806169340, EFLAGS=0x0000000000010202, CSGSFS=0x002b000000000033, ERR=0x0000000000000004
  TRAPNO=0x000000000000000e

Top of Stack: (sp=0x00007f27d867ca50)
0x00007f27d867ca50:   0000000000000000 00007f2800223000
0x00007f27d867ca60:   00007f2800223340 00007f27a8000cd8
0x00007f27d867ca70:   00007f27d867ca90 00007f28046e178d
0x00007f27d867ca80:   0000000000000000 00007f2800223340 

Instructions: (pc=0x00007f2806169340)
0x00007f2806169320:   e8 e8 fa d8 00 00 48 83 c4 10 89 d8 5b 41 5c 5d
0x00007f2806169330:   c3 0f 1f 80 00 00 00 00 31 db eb e1 0f 1f 40 00
0x00007f2806169340:   8b 78 08 48 8d 05 46 24 b1 00 8b 48 08 48 d3 e7
0x00007f2806169350:   48 03 38 eb a3 0f 1f 00 e8 13 5b 02 00 48 89 c7 


---------------  P R O C E S S  ---------------

Threads class SMR info:
_java_thread_list=0x00007f28002aa130, length=12, elements={
0x00007f2800014000, 0x00007f28001c7000, 0x00007f28001c9000, 0x00007f28001ce800,
0x00007f28001d0800, 0x00007f28001d2800, 0x00007f28001d4800, 0x00007f28001e2000,
0x00007f2800223000, 0x00007f2800226800, 0x00007f27a8001800, 0x00007f28002a8800
}

Java Threads: ( => current thread )
  0x00007f2800014000 JavaThread "main" [_thread_blocked, id=25980, stack(0x00007f2807a2a000,0x00007f2807b2b000)]
  0x00007f28001c7000 JavaThread "Reference Handler" daemon [_thread_blocked, id=25987, stack(0x00007f27d98cd000,0x00007f27d99ce000)]
  0x00007f28001c9000 JavaThread "Finalizer" daemon [_thread_blocked, id=25988, stack(0x00007f27d97cc000,0x00007f27d98cd000)]
  0x00007f28001ce800 JavaThread "Signal Dispatcher" daemon [_thread_blocked, id=25989, stack(0x00007f27d8c88000,0x00007f27d8d89000)]
  0x00007f28001d0800 JavaThread "C2 CompilerThread0" daemon [_thread_blocked, id=25990, stack(0x00007f27d8b87000,0x00007f27d8c88000)]
  0x00007f28001d2800 JavaThread "C1 CompilerThread0" daemon [_thread_blocked, id=25991, stack(0x00007f27d8a86000,0x00007f27d8b87000)]
  0x00007f28001d4800 JavaThread "Sweeper thread" daemon [_thread_blocked, id=25992, stack(0x00007f27d8985000,0x00007f27d8a86000)]
  0x00007f28001e2000 JavaThread "Common-Cleaner" daemon [_thread_blocked, id=25993, stack(0x00007f27d8884000,0x00007f27d8985000)]
=>0x00007f2800223000 JavaThread "JDWP Transport Listener: dt_socket" daemon [_thread_in_vm, id=25994, stack(0x00007f27d857d000,0x00007f27d867e000)]
  0x00007f2800226800 JavaThread "JDWP Event Helper Thread" daemon [_thread_blocked, id=25995, stack(0x00007f27d847c000,0x00007f27d857d000)]
  0x00007f27a8001800 JavaThread "JDWP Command Reader" daemon [_thread_in_native, id=25996, stack(0x00007f27d837b000,0x00007f27d847c000)]
  0x00007f28002a8800 JavaThread "Service Thread" daemon [_thread_blocked, id=26003, stack(0x00007f27d8069000,0x00007f27d816a000)]

Other Threads:
  0x00007f28001c4000 VMThread "VM Thread" [stack: 0x00007f27d99d0000,0x00007f27d9ad0000] [id=25986]
  0x00007f28002ab800 WatcherThread [stack: 0x00007f279bce9000,0x00007f279bde9000] [id=26004]
  0x00007f280002a000 GCTaskThread "GC Thread#0" [stack: 0x00007f27e7e7b000,0x00007f27e7f7b000] [id=25981]
  0x00007f2800071800 ConcurrentGCThread "G1 Main Marker" [stack: 0x00007f27e67fc000,0x00007f27e68fc000] [id=25982]
  0x00007f2800073800 ConcurrentGCThread "G1 Conc#0" [stack: 0x00007f27e66fa000,0x00007f27e67fa000] [id=25983]
  0x00007f2800126000 ConcurrentGCThread "G1 Refine#0" [stack: 0x00007f27e41f4000,0x00007f27e42f4000] [id=25984]
  0x00007f2800127800 ConcurrentGCThread "G1 Young RemSet Sampling" [stack: 0x00007f27e40f2000,0x00007f27e41f2000] [id=25985]

Threads with active compile tasks:

VM state:not at safepoint (normal execution)

VM Mutex/Monitor currently owned by a thread: None

Heap address: 0x0000000745a00000, size: 2982 MB, Compressed Oops mode: Zero based, Oop shift amount: 3
Narrow klass base: 0x0000000800000000, Narrow klass shift: 3
Compressed class space size: 1073741824 Address: 0x0000000840000000

Heap:
 garbage-first heap   total 194560K, used 2680K [0x0000000745a00000, 0x0000000800000000)
  region size 1024K, 3 young (3072K), 0 survivors (0K)
 Metaspace       used 1259K, capacity 4707K, committed 4864K, reserved 1056768K
  class space    used 127K, capacity 441K, committed 512K, reserved 1048576K
Heap Regions: E=young(eden), S=young(survivor), O=old, HS=humongous(starts), HC=humongous(continues), CS=collection set, F=free, A=archive, TAMS=top-at-mark-start (previous, next)
|   0|0x0000000745a00000, 0x0000000745a00000, 0x0000000745b00000|  0%| F|  |TAMS 0x0000000745a00000, 0x0000000745a00000| Untracked 
|   1|0x0000000745b00000, 0x0000000745b00000, 0x0000000745c00000|  0%| F|  |TAMS 0x0000000745b00000, 0x0000000745b00000| Untracked 
|   2|0x0000000745c00000, 0x0000000745c00000, 0x0000000745d00000|  0%| F|  |TAMS 0x0000000745c00000, 0x0000000745c00000| Untracked 
|   3|0x0000000745d00000, 0x0000000745d00000, 0x0000000745e00000|  0%| F|  |TAMS 0x0000000745d00000, 0x0000000745d00000| Untracked 
|   4|0x0000000745e00000, 0x0000000745e00000, 0x0000000745f00000|  0%| F|  |TAMS 0x0000000745e00000, 0x0000000745e00000| Untracked 
|   5|0x0000000745f00000, 0x0000000745f00000, 0x0000000746000000|  0%| F|  |TAMS 0x0000000745f00000, 0x0000000745f00000| Untracked 
|   6|0x0000000746000000, 0x0000000746000000, 0x0000000746100000|  0%| F|  |TAMS 0x0000000746000000, 0x0000000746000000| Untracked 
|   7|0x0000000746100000, 0x0000000746100000, 0x0000000746200000|  0%| F|  |TAMS 0x0000000746100000, 0x0000000746100000| Untracked 
|   8|0x0000000746200000, 0x0000000746200000, 0x0000000746300000|  0%| F|  |TAMS 0x0000000746200000, 0x0000000746200000| Untracked 
|   9|0x0000000746300000, 0x0000000746300000, 0x0000000746400000|  0%| F|  |TAMS 0x0000000746300000, 0x0000000746300000| Untracked 
|  10|0x0000000746400000, 0x0000000746400000, 0x0000000746500000|  0%| F|  |TAMS 0x0000000746400000, 0x0000000746400000| Untracked 
|  11|0x0000000746500000, 0x0000000746500000, 0x0000000746600000|  0%| F|  |TAMS 0x0000000746500000, 0x0000000746500000| Untracked 
|  12|0x0000000746600000, 0x0000000746600000, 0x0000000746700000|  0%| F|  |TAMS 0x0000000746600000, 0x0000000746600000| Untracked 
|  13|0x0000000746700000, 0x0000000746700000, 0x0000000746800000|  0%| F|  |TAMS 0x0000000746700000, 0x0000000746700000| Untracked 
|  14|0x0000000746800000, 0x0000000746800000, 0x0000000746900000|  0%| F|  |TAMS 0x0000000746800000, 0x0000000746800000| Untracked 
|  15|0x0000000746900000, 0x0000000746900000, 0x0000000746a00000|  0%| F|  |TAMS 0x0000000746900000, 0x0000000746900000| Untracked 
|  16|0x0000000746a00000, 0x0000000746a00000, 0x0000000746b00000|  0%| F|  |TAMS 0x0000000746a00000, 0x0000000746a00000| Untracked 
|  17|0x0000000746b00000, 0x0000000746b00000, 0x0000000746c00000|  0%| F|  |TAMS 0x0000000746b00000, 0x0000000746b00000| Untracked 
|  18|0x0000000746c00000, 0x0000000746c00000, 0x0000000746d00000|  0%| F|  |TAMS 0x0000000746c00000, 0x0000000746c00000| Untracked 
|  19|0x0000000746d00000, 0x0000000746d00000, 0x0000000746e00000|  0%| F|  |TAMS 0x0000000746d00000, 0x0000000746d00000| Untracked 
|  20|0x0000000746e00000, 0x0000000746e00000, 0x0000000746f00000|  0%| F|  |TAMS 0x0000000746e00000, 0x0000000746e00000| Untracked 
|  21|0x0000000746f00000, 0x0000000746f00000, 0x0000000747000000|  0%| F|  |TAMS 0x0000000746f00000, 0x0000000746f00000| Untracked 
|  22|0x0000000747000000, 0x0000000747000000, 0x0000000747100000|  0%| F|  |TAMS 0x0000000747000000, 0x0000000747000000| Untracked 
|  23|0x0000000747100000, 0x0000000747100000, 0x0000000747200000|  0%| F|  |TAMS 0x0000000747100000, 0x0000000747100000| Untracked 
|  24|0x0000000747200000, 0x0000000747200000, 0x0000000747300000|  0%| F|  |TAMS 0x0000000747200000, 0x0000000747200000| Untracked 
|  25|0x0000000747300000, 0x0000000747300000, 0x0000000747400000|  0%| F|  |TAMS 0x0000000747300000, 0x0000000747300000| Untracked 
|  26|0x0000000747400000, 0x0000000747400000, 0x0000000747500000|  0%| F|  |TAMS 0x0000000747400000, 0x0000000747400000| Untracked 
|  27|0x0000000747500000, 0x0000000747500000, 0x0000000747600000|  0%| F|  |TAMS 0x0000000747500000, 0x0000000747500000| Untracked 
|  28|0x0000000747600000, 0x0000000747600000, 0x0000000747700000|  0%| F|  |TAMS 0x0000000747600000, 0x0000000747600000| Untracked 
|  29|0x0000000747700000, 0x0000000747700000, 0x0000000747800000|  0%| F|  |TAMS 0x0000000747700000, 0x0000000747700000| Untracked 
|  30|0x0000000747800000, 0x0000000747800000, 0x0000000747900000|  0%| F|  |TAMS 0x0000000747800000, 0x0000000747800000| Untracked 
|  31|0x0000000747900000, 0x0000000747900000, 0x0000000747a00000|  0%| F|  |TAMS 0x0000000747900000, 0x0000000747900000| Untracked 
|  32|0x0000000747a00000, 0x0000000747a00000, 0x0000000747b00000|  0%| F|  |TAMS 0x0000000747a00000, 0x0000000747a00000| Untracked 
|  33|0x0000000747b00000, 0x0000000747b00000, 0x0000000747c00000|  0%| F|  |TAMS 0x0000000747b00000, 0x0000000747b00000| Untracked 
|  34|0x0000000747c00000, 0x0000000747c00000, 0x0000000747d00000|  0%| F|  |TAMS 0x0000000747c00000, 0x0000000747c00000| Untracked 
|  35|0x0000000747d00000, 0x0000000747d00000, 0x0000000747e00000|  0%| F|  |TAMS 0x0000000747d00000, 0x0000000747d00000| Untracked 
|  36|0x0000000747e00000, 0x0000000747e00000, 0x0000000747f00000|  0%| F|  |TAMS 0x0000000747e00000, 0x0000000747e00000| Untracked 
|  37|0x0000000747f00000, 0x0000000747f00000, 0x0000000748000000|  0%| F|  |TAMS 0x0000000747f00000, 0x0000000747f00000| Untracked 
|  38|0x0000000748000000, 0x0000000748000000, 0x0000000748100000|  0%| F|  |TAMS 0x0000000748000000, 0x0000000748000000| Untracked 
|  39|0x0000000748100000, 0x0000000748100000, 0x0000000748200000|  0%| F|  |TAMS 0x0000000748100000, 0x0000000748100000| Untracked 
|  40|0x0000000748200000, 0x0000000748200000, 0x0000000748300000|  0%| F|  |TAMS 0x0000000748200000, 0x0000000748200000| Untracked 
|  41|0x0000000748300000, 0x0000000748300000, 0x0000000748400000|  0%| F|  |TAMS 0x0000000748300000, 0x0000000748300000| Untracked 
|  42|0x0000000748400000, 0x0000000748400000, 0x0000000748500000|  0%| F|  |TAMS 0x0000000748400000, 0x0000000748400000| Untracked 
|  43|0x0000000748500000, 0x0000000748500000, 0x0000000748600000|  0%| F|  |TAMS 0x0000000748500000, 0x0000000748500000| Untracked 
|  44|0x0000000748600000, 0x0000000748600000, 0x0000000748700000|  0%| F|  |TAMS 0x0000000748600000, 0x0000000748600000| Untracked 
|  45|0x0000000748700000, 0x0000000748700000, 0x0000000748800000|  0%| F|  |TAMS 0x0000000748700000, 0x0000000748700000| Untracked 
|  46|0x0000000748800000, 0x0000000748800000, 0x0000000748900000|  0%| F|  |TAMS 0x0000000748800000, 0x0000000748800000| Untracked 
|  47|0x0000000748900000, 0x0000000748900000, 0x0000000748a00000|  0%| F|  |TAMS 0x0000000748900000, 0x0000000748900000| Untracked 
|  48|0x0000000748a00000, 0x0000000748a00000, 0x0000000748b00000|  0%| F|  |TAMS 0x0000000748a00000, 0x0000000748a00000| Untracked 
|  49|0x0000000748b00000, 0x0000000748b00000, 0x0000000748c00000|  0%| F|  |TAMS 0x0000000748b00000, 0x0000000748b00000| Untracked 
|  50|0x0000000748c00000, 0x0000000748c00000, 0x0000000748d00000|  0%| F|  |TAMS 0x0000000748c00000, 0x0000000748c00000| Untracked 
|  51|0x0000000748d00000, 0x0000000748d00000, 0x0000000748e00000|  0%| F|  |TAMS 0x0000000748d00000, 0x0000000748d00000| Untracked 
|  52|0x0000000748e00000, 0x0000000748e00000, 0x0000000748f00000|  0%| F|  |TAMS 0x0000000748e00000, 0x0000000748e00000| Untracked 
|  53|0x0000000748f00000, 0x0000000748f00000, 0x0000000749000000|  0%| F|  |TAMS 0x0000000748f00000, 0x0000000748f00000| Untracked 
|  54|0x0000000749000000, 0x0000000749000000, 0x0000000749100000|  0%| F|  |TAMS 0x0000000749000000, 0x0000000749000000| Untracked 
|  55|0x0000000749100000, 0x0000000749100000, 0x0000000749200000|  0%| F|  |TAMS 0x0000000749100000, 0x0000000749100000| Untracked 
|  56|0x0000000749200000, 0x0000000749200000, 0x0000000749300000|  0%| F|  |TAMS 0x0000000749200000, 0x0000000749200000| Untracked 
|  57|0x0000000749300000, 0x0000000749300000, 0x0000000749400000|  0%| F|  |TAMS 0x0000000749300000, 0x0000000749300000| Untracked 
|  58|0x0000000749400000, 0x0000000749400000, 0x0000000749500000|  0%| F|  |TAMS 0x0000000749400000, 0x0000000749400000| Untracked 
|  59|0x0000000749500000, 0x0000000749500000, 0x0000000749600000|  0%| F|  |TAMS 0x0000000749500000, 0x0000000749500000| Untracked 
|  60|0x0000000749600000, 0x0000000749600000, 0x0000000749700000|  0%| F|  |TAMS 0x0000000749600000, 0x0000000749600000| Untracked 
|  61|0x0000000749700000, 0x0000000749700000, 0x0000000749800000|  0%| F|  |TAMS 0x0000000749700000, 0x0000000749700000| Untracked 
|  62|0x0000000749800000, 0x0000000749800000, 0x0000000749900000|  0%| F|  |TAMS 0x0000000749800000, 0x0000000749800000| Untracked 
|  63|0x0000000749900000, 0x0000000749900000, 0x0000000749a00000|  0%| F|  |TAMS 0x0000000749900000, 0x0000000749900000| Untracked 
|  64|0x0000000749a00000, 0x0000000749a00000, 0x0000000749b00000|  0%| F|  |TAMS 0x0000000749a00000, 0x0000000749a00000| Untracked 
|  65|0x0000000749b00000, 0x0000000749b00000, 0x0000000749c00000|  0%| F|  |TAMS 0x0000000749b00000, 0x0000000749b00000| Untracked 
|  66|0x0000000749c00000, 0x0000000749c00000, 0x0000000749d00000|  0%| F|  |TAMS 0x0000000749c00000, 0x0000000749c00000| Untracked 
|  67|0x0000000749d00000, 0x0000000749d00000, 0x0000000749e00000|  0%| F|  |TAMS 0x0000000749d00000, 0x0000000749d00000| Untracked 
|  68|0x0000000749e00000, 0x0000000749e00000, 0x0000000749f00000|  0%| F|  |TAMS 0x0000000749e00000, 0x0000000749e00000| Untracked 
|  69|0x0000000749f00000, 0x0000000749f00000, 0x000000074a000000|  0%| F|  |TAMS 0x0000000749f00000, 0x0000000749f00000| Untracked 
|  70|0x000000074a000000, 0x000000074a000000, 0x000000074a100000|  0%| F|  |TAMS 0x000000074a000000, 0x000000074a000000| Untracked 
|  71|0x000000074a100000, 0x000000074a100000, 0x000000074a200000|  0%| F|  |TAMS 0x000000074a100000, 0x000000074a100000| Untracked 
|  72|0x000000074a200000, 0x000000074a200000, 0x000000074a300000|  0%| F|  |TAMS 0x000000074a200000, 0x000000074a200000| Untracked 
|  73|0x000000074a300000, 0x000000074a300000, 0x000000074a400000|  0%| F|  |TAMS 0x000000074a300000, 0x000000074a300000| Untracked 
|  74|0x000000074a400000, 0x000000074a400000, 0x000000074a500000|  0%| F|  |TAMS 0x000000074a400000, 0x000000074a400000| Untracked 
|  75|0x000000074a500000, 0x000000074a500000, 0x000000074a600000|  0%| F|  |TAMS 0x000000074a500000, 0x000000074a500000| Untracked 
|  76|0x000000074a600000, 0x000000074a600000, 0x000000074a700000|  0%| F|  |TAMS 0x000000074a600000, 0x000000074a600000| Untracked 
|  77|0x000000074a700000, 0x000000074a700000, 0x000000074a800000|  0%| F|  |TAMS 0x000000074a700000, 0x000000074a700000| Untracked 
|  78|0x000000074a800000, 0x000000074a800000, 0x000000074a900000|  0%| F|  |TAMS 0x000000074a800000, 0x000000074a800000| Untracked 
|  79|0x000000074a900000, 0x000000074a900000, 0x000000074aa00000|  0%| F|  |TAMS 0x000000074a900000, 0x000000074a900000| Untracked 
|  80|0x000000074aa00000, 0x000000074aa00000, 0x000000074ab00000|  0%| F|  |TAMS 0x000000074aa00000, 0x000000074aa00000| Untracked 
|  81|0x000000074ab00000, 0x000000074ab00000, 0x000000074ac00000|  0%| F|  |TAMS 0x000000074ab00000, 0x000000074ab00000| Untracked 
|  82|0x000000074ac00000, 0x000000074ac00000, 0x000000074ad00000|  0%| F|  |TAMS 0x000000074ac00000, 0x000000074ac00000| Untracked 
|  83|0x000000074ad00000, 0x000000074ad00000, 0x000000074ae00000|  0%| F|  |TAMS 0x000000074ad00000, 0x000000074ad00000| Untracked 
|  84|0x000000074ae00000, 0x000000074ae00000, 0x000000074af00000|  0%| F|  |TAMS 0x000000074ae00000, 0x000000074ae00000| Untracked 
|  85|0x000000074af00000, 0x000000074af00000, 0x000000074b000000|  0%| F|  |TAMS 0x000000074af00000, 0x000000074af00000| Untracked 
|  86|0x000000074b000000, 0x000000074b000000, 0x000000074b100000|  0%| F|  |TAMS 0x000000074b000000, 0x000000074b000000| Untracked 
|  87|0x000000074b100000, 0x000000074b100000, 0x000000074b200000|  0%| F|  |TAMS 0x000000074b100000, 0x000000074b100000| Untracked 
|  88|0x000000074b200000, 0x000000074b200000, 0x000000074b300000|  0%| F|  |TAMS 0x000000074b200000, 0x000000074b200000| Untracked 
|  89|0x000000074b300000, 0x000000074b300000, 0x000000074b400000|  0%| F|  |TAMS 0x000000074b300000, 0x000000074b300000| Untracked 
|  90|0x000000074b400000, 0x000000074b400000, 0x000000074b500000|  0%| F|  |TAMS 0x000000074b400000, 0x000000074b400000| Untracked 
|  91|0x000000074b500000, 0x000000074b500000, 0x000000074b600000|  0%| F|  |TAMS 0x000000074b500000, 0x000000074b500000| Untracked 
|  92|0x000000074b600000, 0x000000074b600000, 0x000000074b700000|  0%| F|  |TAMS 0x000000074b600000, 0x000000074b600000| Untracked 
|  93|0x000000074b700000, 0x000000074b700000, 0x000000074b800000|  0%| F|  |TAMS 0x000000074b700000, 0x000000074b700000| Untracked 
|  94|0x000000074b800000, 0x000000074b800000, 0x000000074b900000|  0%| F|  |TAMS 0x000000074b800000, 0x000000074b800000| Untracked 
|  95|0x000000074b900000, 0x000000074b900000, 0x000000074ba00000|  0%| F|  |TAMS 0x000000074b900000, 0x000000074b900000| Untracked 
|  96|0x000000074ba00000, 0x000000074ba00000, 0x000000074bb00000|  0%| F|  |TAMS 0x000000074ba00000, 0x000000074ba00000| Untracked 
|  97|0x000000074bb00000, 0x000000074bb00000, 0x000000074bc00000|  0%| F|  |TAMS 0x000000074bb00000, 0x000000074bb00000| Untracked 
|  98|0x000000074bc00000, 0x000000074bc00000, 0x000000074bd00000|  0%| F|  |TAMS 0x000000074bc00000, 0x000000074bc00000| Untracked 
|  99|0x000000074bd00000, 0x000000074bd00000, 0x000000074be00000|  0%| F|  |TAMS 0x000000074bd00000, 0x000000074bd00000| Untracked 
| 100|0x000000074be00000, 0x000000074be00000, 0x000000074bf00000|  0%| F|  |TAMS 0x000000074be00000, 0x000000074be00000| Untracked 
| 101|0x000000074bf00000, 0x000000074bf00000, 0x000000074c000000|  0%| F|  |TAMS 0x000000074bf00000, 0x000000074bf00000| Untracked 
| 102|0x000000074c000000, 0x000000074c000000, 0x000000074c100000|  0%| F|  |TAMS 0x000000074c000000, 0x000000074c000000| Untracked 
| 103|0x000000074c100000, 0x000000074c100000, 0x000000074c200000|  0%| F|  |TAMS 0x000000074c100000, 0x000000074c100000| Untracked 
| 104|0x000000074c200000, 0x000000074c200000, 0x000000074c300000|  0%| F|  |TAMS 0x000000074c200000, 0x000000074c200000| Untracked 
| 105|0x000000074c300000, 0x000000074c300000, 0x000000074c400000|  0%| F|  |TAMS 0x000000074c300000, 0x000000074c300000| Untracked 
| 106|0x000000074c400000, 0x000000074c400000, 0x000000074c500000|  0%| F|  |TAMS 0x000000074c400000, 0x000000074c400000| Untracked 
| 107|0x000000074c500000, 0x000000074c500000, 0x000000074c600000|  0%| F|  |TAMS 0x000000074c500000, 0x000000074c500000| Untracked 
| 108|0x000000074c600000, 0x000000074c600000, 0x000000074c700000|  0%| F|  |TAMS 0x000000074c600000, 0x000000074c600000| Untracked 
| 109|0x000000074c700000, 0x000000074c700000, 0x000000074c800000|  0%| F|  |TAMS 0x000000074c700000, 0x000000074c700000| Untracked 
| 110|0x000000074c800000, 0x000000074c800000, 0x000000074c900000|  0%| F|  |TAMS 0x000000074c800000, 0x000000074c800000| Untracked 
| 111|0x000000074c900000, 0x000000074c900000, 0x000000074ca00000|  0%| F|  |TAMS 0x000000074c900000, 0x000000074c900000| Untracked 
| 112|0x000000074ca00000, 0x000000074ca00000, 0x000000074cb00000|  0%| F|  |TAMS 0x000000074ca00000, 0x000000074ca00000| Untracked 
| 113|0x000000074cb00000, 0x000000074cb00000, 0x000000074cc00000|  0%| F|  |TAMS 0x000000074cb00000, 0x000000074cb00000| Untracked 
| 114|0x000000074cc00000, 0x000000074cc00000, 0x000000074cd00000|  0%| F|  |TAMS 0x000000074cc00000, 0x000000074cc00000| Untracked 
| 115|0x000000074cd00000, 0x000000074cd00000, 0x000000074ce00000|  0%| F|  |TAMS 0x000000074cd00000, 0x000000074cd00000| Untracked 
| 116|0x000000074ce00000, 0x000000074ce00000, 0x000000074cf00000|  0%| F|  |TAMS 0x000000074ce00000, 0x000000074ce00000| Untracked 
| 117|0x000000074cf00000, 0x000000074cf00000, 0x000000074d000000|  0%| F|  |TAMS 0x000000074cf00000, 0x000000074cf00000| Untracked 
| 118|0x000000074d000000, 0x000000074d000000, 0x000000074d100000|  0%| F|  |TAMS 0x000000074d000000, 0x000000074d000000| Untracked 
| 119|0x000000074d100000, 0x000000074d100000, 0x000000074d200000|  0%| F|  |TAMS 0x000000074d100000, 0x000000074d100000| Untracked 
| 120|0x000000074d200000, 0x000000074d200000, 0x000000074d300000|  0%| F|  |TAMS 0x000000074d200000, 0x000000074d200000| Untracked 
| 121|0x000000074d300000, 0x000000074d300000, 0x000000074d400000|  0%| F|  |TAMS 0x000000074d300000, 0x000000074d300000| Untracked 
| 122|0x000000074d400000, 0x000000074d400000, 0x000000074d500000|  0%| F|  |TAMS 0x000000074d400000, 0x000000074d400000| Untracked 
| 123|0x000000074d500000, 0x000000074d500000, 0x000000074d600000|  0%| F|  |TAMS 0x000000074d500000, 0x000000074d500000| Untracked 
| 124|0x000000074d600000, 0x000000074d600000, 0x000000074d700000|  0%| F|  |TAMS 0x000000074d600000, 0x000000074d600000| Untracked 
| 125|0x000000074d700000, 0x000000074d700000, 0x000000074d800000|  0%| F|  |TAMS 0x000000074d700000, 0x000000074d700000| Untracked 
| 126|0x000000074d800000, 0x000000074d800000, 0x000000074d900000|  0%| F|  |TAMS 0x000000074d800000, 0x000000074d800000| Untracked 
| 127|0x000000074d900000, 0x000000074d900000, 0x000000074da00000|  0%| F|  |TAMS 0x000000074d900000, 0x000000074d900000| Untracked 
| 128|0x000000074da00000, 0x000000074da00000, 0x000000074db00000|  0%| F|  |TAMS 0x000000074da00000, 0x000000074da00000| Untracked 
| 129|0x000000074db00000, 0x000000074db00000, 0x000000074dc00000|  0%| F|  |TAMS 0x000000074db00000, 0x000000074db00000| Untracked 
| 130|0x000000074dc00000, 0x000000074dc00000, 0x000000074dd00000|  0%| F|  |TAMS 0x000000074dc00000, 0x000000074dc00000| Untracked 
| 131|0x000000074dd00000, 0x000000074dd00000, 0x000000074de00000|  0%| F|  |TAMS 0x000000074dd00000, 0x000000074dd00000| Untracked 
| 132|0x000000074de00000, 0x000000074de00000, 0x000000074df00000|  0%| F|  |TAMS 0x000000074de00000, 0x000000074de00000| Untracked 
| 133|0x000000074df00000, 0x000000074df00000, 0x000000074e000000|  0%| F|  |TAMS 0x000000074df00000, 0x000000074df00000| Untracked 
| 134|0x000000074e000000, 0x000000074e000000, 0x000000074e100000|  0%| F|  |TAMS 0x000000074e000000, 0x000000074e000000| Untracked 
| 135|0x000000074e100000, 0x000000074e100000, 0x000000074e200000|  0%| F|  |TAMS 0x000000074e100000, 0x000000074e100000| Untracked 
| 136|0x000000074e200000, 0x000000074e200000, 0x000000074e300000|  0%| F|  |TAMS 0x000000074e200000, 0x000000074e200000| Untracked 
| 137|0x000000074e300000, 0x000000074e300000, 0x000000074e400000|  0%| F|  |TAMS 0x000000074e300000, 0x000000074e300000| Untracked 
| 138|0x000000074e400000, 0x000000074e400000, 0x000000074e500000|  0%| F|  |TAMS 0x000000074e400000, 0x000000074e400000| Untracked 
| 139|0x000000074e500000, 0x000000074e500000, 0x000000074e600000|  0%| F|  |TAMS 0x000000074e500000, 0x000000074e500000| Untracked 
| 140|0x000000074e600000, 0x000000074e600000, 0x000000074e700000|  0%| F|  |TAMS 0x000000074e600000, 0x000000074e600000| Untracked 
| 141|0x000000074e700000, 0x000000074e700000, 0x000000074e800000|  0%| F|  |TAMS 0x000000074e700000, 0x000000074e700000| Untracked 
| 142|0x000000074e800000, 0x000000074e800000, 0x000000074e900000|  0%| F|  |TAMS 0x000000074e800000, 0x000000074e800000| Untracked 
| 143|0x000000074e900000, 0x000000074e900000, 0x000000074ea00000|  0%| F|  |TAMS 0x000000074e900000, 0x000000074e900000| Untracked 
| 144|0x000000074ea00000, 0x000000074ea00000, 0x000000074eb00000|  0%| F|  |TAMS 0x000000074ea00000, 0x000000074ea00000| Untracked 
| 145|0x000000074eb00000, 0x000000074eb00000, 0x000000074ec00000|  0%| F|  |TAMS 0x000000074eb00000, 0x000000074eb00000| Untracked 
| 146|0x000000074ec00000, 0x000000074ec00000, 0x000000074ed00000|  0%| F|  |TAMS 0x000000074ec00000, 0x000000074ec00000| Untracked 
| 147|0x000000074ed00000, 0x000000074ed00000, 0x000000074ee00000|  0%| F|  |TAMS 0x000000074ed00000, 0x000000074ed00000| Untracked 
| 148|0x000000074ee00000, 0x000000074ee00000, 0x000000074ef00000|  0%| F|  |TAMS 0x000000074ee00000, 0x000000074ee00000| Untracked 
| 149|0x000000074ef00000, 0x000000074ef00000, 0x000000074f000000|  0%| F|  |TAMS 0x000000074ef00000, 0x000000074ef00000| Untracked 
| 150|0x000000074f000000, 0x000000074f000000, 0x000000074f100000|  0%| F|  |TAMS 0x000000074f000000, 0x000000074f000000| Untracked 
| 151|0x000000074f100000, 0x000000074f100000, 0x000000074f200000|  0%| F|  |TAMS 0x000000074f100000, 0x000000074f100000| Untracked 
| 152|0x000000074f200000, 0x000000074f200000, 0x000000074f300000|  0%| F|  |TAMS 0x000000074f200000, 0x000000074f200000| Untracked 
| 153|0x000000074f300000, 0x000000074f300000, 0x000000074f400000|  0%| F|  |TAMS 0x000000074f300000, 0x000000074f300000| Untracked 
| 154|0x000000074f400000, 0x000000074f400000, 0x000000074f500000|  0%| F|  |TAMS 0x000000074f400000, 0x000000074f400000| Untracked 
| 155|0x000000074f500000, 0x000000074f500000, 0x000000074f600000|  0%| F|  |TAMS 0x000000074f500000, 0x000000074f500000| Untracked 
| 156|0x000000074f600000, 0x000000074f600000, 0x000000074f700000|  0%| F|  |TAMS 0x000000074f600000, 0x000000074f600000| Untracked 
| 157|0x000000074f700000, 0x000000074f700000, 0x000000074f800000|  0%| F|  |TAMS 0x000000074f700000, 0x000000074f700000| Untracked 
| 158|0x000000074f800000, 0x000000074f800000, 0x000000074f900000|  0%| F|  |TAMS 0x000000074f800000, 0x000000074f800000| Untracked 
| 159|0x000000074f900000, 0x000000074f900000, 0x000000074fa00000|  0%| F|  |TAMS 0x000000074f900000, 0x000000074f900000| Untracked 
| 160|0x000000074fa00000, 0x000000074fa00000, 0x000000074fb00000|  0%| F|  |TAMS 0x000000074fa00000, 0x000000074fa00000| Untracked 
| 161|0x000000074fb00000, 0x000000074fb00000, 0x000000074fc00000|  0%| F|  |TAMS 0x000000074fb00000, 0x000000074fb00000| Untracked 
| 162|0x000000074fc00000, 0x000000074fc00000, 0x000000074fd00000|  0%| F|  |TAMS 0x000000074fc00000, 0x000000074fc00000| Untracked 
| 163|0x000000074fd00000, 0x000000074fd00000, 0x000000074fe00000|  0%| F|  |TAMS 0x000000074fd00000, 0x000000074fd00000| Untracked 
| 164|0x000000074fe00000, 0x000000074fe00000, 0x000000074ff00000|  0%| F|  |TAMS 0x000000074fe00000, 0x000000074fe00000| Untracked 
| 165|0x000000074ff00000, 0x000000074ff00000, 0x0000000750000000|  0%| F|  |TAMS 0x000000074ff00000, 0x000000074ff00000| Untracked 
| 166|0x0000000750000000, 0x0000000750000000, 0x0000000750100000|  0%| F|  |TAMS 0x0000000750000000, 0x0000000750000000| Untracked 
| 167|0x0000000750100000, 0x0000000750100000, 0x0000000750200000|  0%| F|  |TAMS 0x0000000750100000, 0x0000000750100000| Untracked 
| 168|0x0000000750200000, 0x0000000750200000, 0x0000000750300000|  0%| F|  |TAMS 0x0000000750200000, 0x0000000750200000| Untracked 
| 169|0x0000000750300000, 0x0000000750300000, 0x0000000750400000|  0%| F|  |TAMS 0x0000000750300000, 0x0000000750300000| Untracked 
| 170|0x0000000750400000, 0x0000000750400000, 0x0000000750500000|  0%| F|  |TAMS 0x0000000750400000, 0x0000000750400000| Untracked 
| 171|0x0000000750500000, 0x0000000750500000, 0x0000000750600000|  0%| F|  |TAMS 0x0000000750500000, 0x0000000750500000| Untracked 
| 172|0x0000000750600000, 0x0000000750600000, 0x0000000750700000|  0%| F|  |TAMS 0x0000000750600000, 0x0000000750600000| Untracked 
| 173|0x0000000750700000, 0x0000000750700000, 0x0000000750800000|  0%| F|  |TAMS 0x0000000750700000, 0x0000000750700000| Untracked 
| 174|0x0000000750800000, 0x0000000750800000, 0x0000000750900000|  0%| F|  |TAMS 0x0000000750800000, 0x0000000750800000| Untracked 
| 175|0x0000000750900000, 0x0000000750900000, 0x0000000750a00000|  0%| F|  |TAMS 0x0000000750900000, 0x0000000750900000| Untracked 
| 176|0x0000000750a00000, 0x0000000750a00000, 0x0000000750b00000|  0%| F|  |TAMS 0x0000000750a00000, 0x0000000750a00000| Untracked 
| 177|0x0000000750b00000, 0x0000000750b00000, 0x0000000750c00000|  0%| F|  |TAMS 0x0000000750b00000, 0x0000000750b00000| Untracked 
| 178|0x0000000750c00000, 0x0000000750c00000, 0x0000000750d00000|  0%| F|  |TAMS 0x0000000750c00000, 0x0000000750c00000| Untracked 
| 179|0x0000000750d00000, 0x0000000750d00000, 0x0000000750e00000|  0%| F|  |TAMS 0x0000000750d00000, 0x0000000750d00000| Untracked 
| 180|0x0000000750e00000, 0x0000000750e00000, 0x0000000750f00000|  0%| F|  |TAMS 0x0000000750e00000, 0x0000000750e00000| Untracked 
| 181|0x0000000750f00000, 0x0000000750f00000, 0x0000000751000000|  0%| F|  |TAMS 0x0000000750f00000, 0x0000000750f00000| Untracked 
| 182|0x0000000751000000, 0x0000000751000000, 0x0000000751100000|  0%| F|  |TAMS 0x0000000751000000, 0x0000000751000000| Untracked 
| 183|0x0000000751100000, 0x0000000751100000, 0x0000000751200000|  0%| F|  |TAMS 0x0000000751100000, 0x0000000751100000| Untracked 
| 184|0x0000000751200000, 0x0000000751200000, 0x0000000751300000|  0%| F|  |TAMS 0x0000000751200000, 0x0000000751200000| Untracked 
| 185|0x0000000751300000, 0x0000000751391f18, 0x0000000751400000| 57%| E|  |TAMS 0x0000000751300000, 0x0000000751300000| Complete 
| 186|0x0000000751400000, 0x0000000751500000, 0x0000000751500000|100%| E|CS|TAMS 0x0000000751400000, 0x0000000751400000| Complete 
| 187|0x0000000751500000, 0x0000000751600000, 0x0000000751600000|100%| E|CS|TAMS 0x0000000751500000, 0x0000000751500000| Complete 
|1956|0x00000007bfe00000, 0x00000007bfe34000, 0x00000007bff00000| 20%|OA|  |TAMS 0x00000007bfe00000, 0x00000007bfe00000| Untracked 
|1957|0x00000007bff00000, 0x00000007bff6a000, 0x00000007c0000000| 41%|CA|  |TAMS 0x00000007bff00000, 0x00000007bff00000| Untracked 

Card table byte_map: [0x00007f27e6ecf000,0x00007f27e74a2000] _byte_map_base: 0x00007f27e34a2000

Marking Bits (Prev, Next): (CMBitMap*) 0x00007f2800064f48, (CMBitMap*) 0x00007f2800064f80
 Prev Bits: [0x00007f27dd168000, 0x00007f27e0000000)
 Next Bits: [0x00007f27da2d0000, 0x00007f27dd168000)

Polling page: 0x00007f2807b4f000

Metaspace:

Usage:
  Non-class:      4.17 MB capacity,     1.11 MB ( 27%) used,     3.06 MB ( 73%) free+waste,     2.25 KB ( <1%) overhead. 
      Class:    441.00 KB capacity,   127.39 KB ( 29%) used,   312.17 KB ( 71%) free+waste,     1.44 KB ( <1%) overhead. 
       Both:      4.60 MB capacity,     1.23 MB ( 27%) used,     3.36 MB ( 73%) free+waste,     3.69 KB ( <1%) overhead. 

Virtual space:
  Non-class space:        8.00 MB reserved,       4.25 MB ( 53%) committed 
      Class space:        1.00 GB reserved,     512.00 KB ( <1%) committed 
             Both:        1.01 GB reserved,       4.75 MB ( <1%) committed 

Chunk freelists:
   Non-Class:  2.75 KB
       Class:  896 bytes
        Both:  3.62 KB

CodeHeap 'non-profiled nmethods': size=120032Kb used=78Kb max_used=78Kb free=119953Kb
 bounds [0x00007f27efc19000, 0x00007f27efe89000, 0x00007f27f7151000]
CodeHeap 'profiled nmethods': size=120032Kb used=327Kb max_used=327Kb free=119704Kb
 bounds [0x00007f27e86e1000, 0x00007f27e8951000, 0x00007f27efc19000]
CodeHeap 'non-nmethods': size=5696Kb used=1115Kb max_used=1126Kb free=4580Kb
 bounds [0x00007f27e8151000, 0x00007f27e83c1000, 0x00007f27e86e1000]
 total_blobs=663 nmethods=252 adapters=255
 compilation: enabled
              stopped_count=0, restarted_count=0
 full_count=0

Compilation events (10 events):
Event: 1.056 Thread 0x00007f28001d2800  247       3       jdk.internal.reflect.ClassFileAssembler::emitByte (11 bytes)
Event: 1.056 Thread 0x00007f28001d2800 nmethod 247 0x00007f27e8731610 code [0x00007f27e87317e0, 0x00007f27e8731a08]
Event: 1.056 Thread 0x00007f28001d2800  248       3       jdk.internal.reflect.ByteVectorImpl::add (38 bytes)
Event: 1.057 Thread 0x00007f28001d2800 nmethod 248 0x00007f27e8731b10 code [0x00007f27e8731ce0, 0x00007f27e8731f28]
Event: 1.063 Thread 0x00007f28001d2800  249       1       java.lang.reflect.Method::getName (5 bytes)
Event: 1.064 Thread 0x00007f28001d2800 nmethod 249 0x00007f27efc2c310 code [0x00007f27efc2c4c0, 0x00007f27efc2c5f0]
Event: 1.064 Thread 0x00007f28001d2800  250       3       jdk.internal.reflect.ClassFileAssembler::emitShort (24 bytes)
Event: 1.064 Thread 0x00007f28001d2800 nmethod 250 0x00007f27e8732090 code [0x00007f27e8732280, 0x00007f27e8732618]
Event: 1.065 Thread 0x00007f28001d2800  251       3       jdk.internal.reflect.ClassFileAssembler::cpi (22 bytes)
Event: 1.065 Thread 0x00007f28001d2800 nmethod 251 0x00007f27e8732810 code [0x00007f27e87329e0, 0x00007f27e8732c88]

GC Heap History (0 events):
No events

Deoptimization events (1 events):
Event: 0.859 Thread 0x00007f2800014000 Uncommon trap: reason=unstable_if action=reinterpret pc=0x00007f27efc25be4 method=java.util.HashMap.putVal(ILjava/lang/Object;Ljava/lang/Object;ZZ)Ljava/lang/Object; @ 69 c2

Classes redefined (0 events):
No events

Internal exceptions (0 events):
No events

Events (10 events):
Event: 1.680 Executing VM operation: GetFrameCount
Event: 1.680 Executing VM operation: GetFrameCount done
Event: 1.680 Executing VM operation: GetStackTrace
Event: 1.680 Executing VM operation: GetStackTrace done
Event: 1.733 Executing VM operation: ThreadsSuspendJVMTI
Event: 1.733 Executing VM operation: ThreadsSuspendJVMTI done
Event: 1.739 Executing VM operation: ThreadsSuspendJVMTI
Event: 1.739 Executing VM operation: ThreadsSuspendJVMTI done
Event: 1.742 Executing VM operation: ThreadsSuspendJVMTI
Event: 1.742 Executing VM operation: ThreadsSuspendJVMTI done


Dynamic libraries:
745a00000-751600000 rw-p 00000000 00:00 0 
751600000-7bfe00000 ---p 00000000 00:00 0 
7bfe00000-7bfe34000 rw-p 0111a000 08:01 7602586                          /usr/lib/jvm/java-11-openjdk-amd64/lib/server/classes.jsa
7bfe34000-7bff00000 rw-p 00000000 00:00 0 
7bff00000-7bff6a000 rw-p 010b0000 08:01 7602586                          /usr/lib/jvm/java-11-openjdk-amd64/lib/server/classes.jsa
7bff6a000-7c0000000 rw-p 00000000 00:00 0 
7c0000000-800000000 ---p 00000000 00:00 0 
800000000-800002000 rwxp 00001000 08:01 7602586                          /usr/lib/jvm/java-11-openjdk-amd64/lib/server/classes.jsa
800002000-8010af000 rw-p 00003000 08:01 7602586                          /usr/lib/jvm/java-11-openjdk-amd64/lib/server/classes.jsa
840000000-840080000 rw-p 00000000 00:00 0 
840080000-880000000 ---p 00000000 00:00 0 
556e72cd8000-556e72cd9000 r-xp 00000000 08:01 7472898                    /usr/lib/jvm/java-11-openjdk-amd64/bin/java
556e72ed9000-556e72eda000 r--p 00001000 08:01 7472898                    /usr/lib/jvm/java-11-openjdk-amd64/bin/java
556e72eda000-556e72edb000 rw-p 00002000 08:01 7472898                    /usr/lib/jvm/java-11-openjdk-amd64/bin/java
556e73852000-556e73873000 rw-p 00000000 00:00 0                          [heap]
7f278c000000-7f278c021000 rw-p 00000000 00:00 0 
7f278c021000-7f2790000000 ---p 00000000 00:00 0 
7f2794000000-7f2794021000 rw-p 00000000 00:00 0 
7f2794021000-7f2798000000 ---p 00000000 00:00 0 
7f279bce7000-7f279bce8000 ---p 00000000 00:00 0 
7f279bce8000-7f279bde9000 rw-p 00000000 00:00 0 
7f279bde9000-7f279bdff000 r-xp 00000000 08:01 7607784                    /usr/lib/jvm/java-11-openjdk-amd64/lib/libnet.so
7f279bdff000-7f279bffe000 ---p 00016000 08:01 7607784                    /usr/lib/jvm/java-11-openjdk-amd64/lib/libnet.so
7f279bffe000-7f279bfff000 r--p 00015000 08:01 7607784                    /usr/lib/jvm/java-11-openjdk-amd64/lib/libnet.so
7f279bfff000-7f279c000000 rw-p 00016000 08:01 7607784                    /usr/lib/jvm/java-11-openjdk-amd64/lib/libnet.so
7f279c000000-7f279c021000 rw-p 00000000 00:00 0 
7f279c021000-7f27a0000000 ---p 00000000 00:00 0 
7f27a0000000-7f27a0021000 rw-p 00000000 00:00 0 
7f27a0021000-7f27a4000000 ---p 00000000 00:00 0 
7f27a4000000-7f27a4021000 rw-p 00000000 00:00 0 
7f27a4021000-7f27a8000000 ---p 00000000 00:00 0 
7f27a8000000-7f27a8030000 rw-p 00000000 00:00 0 
7f27a8030000-7f27ac000000 ---p 00000000 00:00 0 
7f27ac000000-7f27ac0fb000 rw-p 00000000 00:00 0 
7f27ac0fb000-7f27b0000000 ---p 00000000 00:00 0 
7f27b0000000-7f27b0021000 rw-p 00000000 00:00 0 
7f27b0021000-7f27b4000000 ---p 00000000 00:00 0 
7f27b4000000-7f27b4021000 rw-p 00000000 00:00 0 
7f27b4021000-7f27b8000000 ---p 00000000 00:00 0 
7f27b8000000-7f27b8144000 rw-p 00000000 00:00 0 
7f27b8144000-7f27bc000000 ---p 00000000 00:00 0 
7f27bc000000-7f27bc021000 rw-p 00000000 00:00 0 
7f27bc021000-7f27c0000000 ---p 00000000 00:00 0 
7f27c0000000-7f27c0021000 rw-p 00000000 00:00 0 
7f27c0021000-7f27c4000000 ---p 00000000 00:00 0 
7f27c4000000-7f27c4021000 rw-p 00000000 00:00 0 
7f27c4021000-7f27c8000000 ---p 00000000 00:00 0 
7f27c8000000-7f27c8021000 rw-p 00000000 00:00 0 
7f27c8021000-7f27cc000000 ---p 00000000 00:00 0 
7f27cc000000-7f27cc021000 rw-p 00000000 00:00 0 
7f27cc021000-7f27d0000000 ---p 00000000 00:00 0 
7f27d0000000-7f27d0021000 rw-p 00000000 00:00 0 
7f27d0021000-7f27d4000000 ---p 00000000 00:00 0 
7f27d4000000-7f27d4021000 rw-p 00000000 00:00 0 
7f27d4021000-7f27d8000000 ---p 00000000 00:00 0 
7f27d8069000-7f27d806d000 ---p 00000000 00:00 0 
7f27d806d000-7f27d816a000 rw-p 00000000 00:00 0 
7f27d816a000-7f27d817a000 r-xp 00000000 08:01 7607785                    /usr/lib/jvm/java-11-openjdk-amd64/lib/libnio.so
7f27d817a000-7f27d8379000 ---p 00010000 08:01 7607785                    /usr/lib/jvm/java-11-openjdk-amd64/lib/libnio.so
7f27d8379000-7f27d837a000 r--p 0000f000 08:01 7607785                    /usr/lib/jvm/java-11-openjdk-amd64/lib/libnio.so
7f27d837a000-7f27d837b000 rw-p 00010000 08:01 7607785                    /usr/lib/jvm/java-11-openjdk-amd64/lib/libnio.so
7f27d837b000-7f27d837f000 ---p 00000000 00:00 0 
7f27d837f000-7f27d847c000 rw-p 00000000 00:00 0 
7f27d847c000-7f27d8480000 ---p 00000000 00:00 0 
7f27d8480000-7f27d857d000 rw-p 00000000 00:00 0 
7f27d857d000-7f27d8581000 ---p 00000000 00:00 0 
7f27d8581000-7f27d867e000 rw-p 00000000 00:00 0 
7f27d867e000-7f27d8682000 r-xp 00000000 08:01 7607414                    /usr/lib/jvm/java-11-openjdk-amd64/lib/libdt_socket.so
7f27d8682000-7f27d8882000 ---p 00004000 08:01 7607414                    /usr/lib/jvm/java-11-openjdk-amd64/lib/libdt_socket.so
7f27d8882000-7f27d8883000 r--p 00004000 08:01 7607414                    /usr/lib/jvm/java-11-openjdk-amd64/lib/libdt_socket.so
7f27d8883000-7f27d8884000 rw-p 00005000 08:01 7607414                    /usr/lib/jvm/java-11-openjdk-amd64/lib/libdt_socket.so
7f27d8884000-7f27d8888000 ---p 00000000 00:00 0 
7f27d8888000-7f27d8985000 rw-p 00000000 00:00 0 
7f27d8985000-7f27d8989000 ---p 00000000 00:00 0 
7f27d8989000-7f27d8a86000 rw-p 00000000 00:00 0 
7f27d8a86000-7f27d8a8a000 ---p 00000000 00:00 0 
7f27d8a8a000-7f27d8b87000 rw-p 00000000 00:00 0 
7f27d8b87000-7f27d8b8b000 ---p 00000000 00:00 0 
7f27d8b8b000-7f27d8c88000 rw-p 00000000 00:00 0 
7f27d8c88000-7f27d8c8c000 ---p 00000000 00:00 0 
7f27d8c8c000-7f27d8d89000 rw-p 00000000 00:00 0 
7f27d8d89000-7f27d97cc000 r--p 00000000 08:01 7346674                    /usr/lib/locale/locale-archive
7f27d97cc000-7f27d97d0000 ---p 00000000 00:00 0 
7f27d97d0000-7f27d98cd000 rw-p 00000000 00:00 0 
7f27d98cd000-7f27d98d1000 ---p 00000000 00:00 0 
7f27d98d1000-7f27d99ce000 rw-p 00000000 00:00 0 
7f27d99ce000-7f27d99cf000 ---p 00000000 00:00 0 
7f27d99cf000-7f27d9f10000 rw-p 00000000 00:00 0 
7f27d9f10000-7f27da2d0000 ---p 00000000 00:00 0 
7f27da2d0000-7f27da5c0000 rw-p 00000000 00:00 0 
7f27da5c0000-7f27dc160000 ---p 00000000 00:00 0 
7f27dc160000-7f27dc168000 rw-p 00000000 00:00 0 
7f27dc168000-7f27dd168000 ---p 00000000 00:00 0 
7f27dd168000-7f27dd458000 rw-p 00000000 00:00 0 
7f27dd458000-7f27deff8000 ---p 00000000 00:00 0 
7f27deff8000-7f27df000000 rw-p 00000000 00:00 0 
7f27df000000-7f27e0000000 ---p 00000000 00:00 0 
7f27e0000000-7f27e0021000 rw-p 00000000 00:00 0 
7f27e0021000-7f27e4000000 ---p 00000000 00:00 0 
7f27e40f0000-7f27e40f1000 ---p 00000000 00:00 0 
7f27e40f1000-7f27e41f2000 rw-p 00000000 00:00 0 
7f27e41f2000-7f27e41f3000 ---p 00000000 00:00 0 
7f27e41f3000-7f27e66f8000 rw-p 00000000 00:00 0 
7f27e66f8000-7f27e66f9000 ---p 00000000 00:00 0 
7f27e66f9000-7f27e67fa000 rw-p 00000000 00:00 0 
7f27e67fa000-7f27e67fb000 ---p 00000000 00:00 0 
7f27e67fb000-7f27e695a000 rw-p 00000000 00:00 0 
7f27e695a000-7f27e6cce000 ---p 00000000 00:00 0 
7f27e6cce000-7f27e6ccf000 rw-p 00000000 00:00 0 
7f27e6ccf000-7f27e6ecf000 ---p 00000000 00:00 0 
7f27e6ecf000-7f27e6f2d000 rw-p 00000000 00:00 0 
7f27e6f2d000-7f27e72a1000 ---p 00000000 00:00 0 
7f27e72a1000-7f27e72a2000 rw-p 00000000 00:00 0 
7f27e72a2000-7f27e74a2000 ---p 00000000 00:00 0 
7f27e74a2000-7f27e7500000 rw-p 00000000 00:00 0 
7f27e7500000-7f27e7874000 ---p 00000000 00:00 0 
7f27e7874000-7f27e7875000 rw-p 00000000 00:00 0 
7f27e7875000-7f27e7a75000 ---p 00000000 00:00 0 
7f27e7a75000-7f27e7e79000 rw-p 00000000 00:00 0 
7f27e7e79000-7f27e7e7a000 ---p 00000000 00:00 0 
7f27e7e7a000-7f27e7f80000 rw-p 00000000 00:00 0 
7f27e7f80000-7f27e8066000 ---p 00000000 00:00 0 
7f27e8066000-7f27e806b000 rw-p 00000000 00:00 0 
7f27e806b000-7f27e8151000 ---p 00000000 00:00 0 
7f27e8151000-7f27e83c1000 rwxp 00000000 00:00 0 
7f27e83c1000-7f27e86e1000 ---p 00000000 00:00 0 
7f27e86e1000-7f27e8951000 rwxp 00000000 00:00 0 
7f27e8951000-7f27efc19000 ---p 00000000 00:00 0 
7f27efc19000-7f27efe89000 rwxp 00000000 00:00 0 
7f27efe89000-7f27f7151000 ---p 00000000 00:00 0 
7f27f7151000-7f27ff7c6000 r--s 00000000 08:01 7607796                    /usr/lib/jvm/java-11-openjdk-amd64/lib/modules
7f27ff7c6000-7f27ff7cb000 r-xp 00000000 08:01 7607433                    /usr/lib/jvm/java-11-openjdk-amd64/lib/libjimage.so
7f27ff7cb000-7f27ff9ca000 ---p 00005000 08:01 7607433                    /usr/lib/jvm/java-11-openjdk-amd64/lib/libjimage.so
7f27ff9ca000-7f27ff9cb000 r--p 00004000 08:01 7607433                    /usr/lib/jvm/java-11-openjdk-amd64/lib/libjimage.so
7f27ff9cb000-7f27ff9cc000 rw-p 00005000 08:01 7607433                    /usr/lib/jvm/java-11-openjdk-amd64/lib/libjimage.so
7f27ff9cc000-7f27ff9d3000 r-xp 00000000 08:01 7607795                    /usr/lib/jvm/java-11-openjdk-amd64/lib/libzip.so
7f27ff9d3000-7f27ffbd2000 ---p 00007000 08:01 7607795                    /usr/lib/jvm/java-11-openjdk-amd64/lib/libzip.so
7f27ffbd2000-7f27ffbd3000 r--p 00006000 08:01 7607795                    /usr/lib/jvm/java-11-openjdk-amd64/lib/libzip.so
7f27ffbd3000-7f27ffbd4000 rw-p 00007000 08:01 7607795                    /usr/lib/jvm/java-11-openjdk-amd64/lib/libzip.so
7f27ffbd4000-7f27ffbdf000 r-xp 00000000 08:01 27792022                   /lib/x86_64-linux-gnu/libnss_files-2.27.so
7f27ffbdf000-7f27ffdde000 ---p 0000b000 08:01 27792022                   /lib/x86_64-linux-gnu/libnss_files-2.27.so
7f27ffdde000-7f27ffddf000 r--p 0000a000 08:01 27792022                   /lib/x86_64-linux-gnu/libnss_files-2.27.so
7f27ffddf000-7f27ffde0000 rw-p 0000b000 08:01 27792022                   /lib/x86_64-linux-gnu/libnss_files-2.27.so
7f27ffde0000-7f27ffde6000 rw-p 00000000 00:00 0 
7f27ffde6000-7f27ffdfd000 r-xp 00000000 08:01 27792016                   /lib/x86_64-linux-gnu/libnsl-2.27.so
7f27ffdfd000-7f27ffffc000 ---p 00017000 08:01 27792016                   /lib/x86_64-linux-gnu/libnsl-2.27.so
7f27ffffc000-7f27ffffd000 r--p 00016000 08:01 27792016                   /lib/x86_64-linux-gnu/libnsl-2.27.so
7f27ffffd000-7f27ffffe000 rw-p 00017000 08:01 27792016                   /lib/x86_64-linux-gnu/libnsl-2.27.so
7f27ffffe000-7f2800000000 rw-p 00000000 00:00 0 
7f2800000000-7f28002d1000 rw-p 00000000 00:00 0 
7f28002d1000-7f2804000000 ---p 00000000 00:00 0 
7f2804017000-7f2804098000 rw-p 00000000 00:00 0 
7f2804098000-7f28040a3000 r-xp 00000000 08:01 27792032                   /lib/x86_64-linux-gnu/libnss_nis-2.27.so
7f28040a3000-7f28042a2000 ---p 0000b000 08:01 27792032                   /lib/x86_64-linux-gnu/libnss_nis-2.27.so
7f28042a2000-7f28042a3000 r--p 0000a000 08:01 27792032                   /lib/x86_64-linux-gnu/libnss_nis-2.27.so
7f28042a3000-7f28042a4000 rw-p 0000b000 08:01 27792032                   /lib/x86_64-linux-gnu/libnss_nis-2.27.so
7f28042a4000-7f28042ac000 r-xp 00000000 08:01 27792018                   /lib/x86_64-linux-gnu/libnss_compat-2.27.so
7f28042ac000-7f28044ac000 ---p 00008000 08:01 27792018                   /lib/x86_64-linux-gnu/libnss_compat-2.27.so
7f28044ac000-7f28044ad000 r--p 00008000 08:01 27792018                   /lib/x86_64-linux-gnu/libnss_compat-2.27.so
7f28044ad000-7f28044ae000 rw-p 00009000 08:01 27792018                   /lib/x86_64-linux-gnu/libnss_compat-2.27.so
7f28044ae000-7f28044b8000 r-xp 00000000 08:01 7607418                    /usr/lib/jvm/java-11-openjdk-amd64/lib/libinstrument.so
7f28044b8000-7f28046b7000 ---p 0000a000 08:01 7607418                    /usr/lib/jvm/java-11-openjdk-amd64/lib/libinstrument.so
7f28046b7000-7f28046b8000 r--p 00009000 08:01 7607418                    /usr/lib/jvm/java-11-openjdk-amd64/lib/libinstrument.so
7f28046b8000-7f28046b9000 rw-p 0000a000 08:01 7607418                    /usr/lib/jvm/java-11-openjdk-amd64/lib/libinstrument.so
7f28046b9000-7f28046f4000 r-xp 00000000 08:01 7607432                    /usr/lib/jvm/java-11-openjdk-amd64/lib/libjdwp.so
7f28046f4000-7f28048f3000 ---p 0003b000 08:01 7607432                    /usr/lib/jvm/java-11-openjdk-amd64/lib/libjdwp.so
7f28048f3000-7f28048f4000 r--p 0003a000 08:01 7607432                    /usr/lib/jvm/java-11-openjdk-amd64/lib/libjdwp.so
7f28048f4000-7f28048f5000 rw-p 0003b000 08:01 7607432                    /usr/lib/jvm/java-11-openjdk-amd64/lib/libjdwp.so
7f28048f5000-7f2804920000 r-xp 00000000 08:01 7607425                    /usr/lib/jvm/java-11-openjdk-amd64/lib/libjava.so
7f2804920000-7f2804b1f000 ---p 0002b000 08:01 7607425                    /usr/lib/jvm/java-11-openjdk-amd64/lib/libjava.so
7f2804b1f000-7f2804b20000 r--p 0002a000 08:01 7607425                    /usr/lib/jvm/java-11-openjdk-amd64/lib/libjava.so
7f2804b20000-7f2804b22000 rw-p 0002b000 08:01 7607425                    /usr/lib/jvm/java-11-openjdk-amd64/lib/libjava.so
7f2804b22000-7f2804b2f000 r-xp 00000000 08:01 7607794                    /usr/lib/jvm/java-11-openjdk-amd64/lib/libverify.so
7f2804b2f000-7f2804d2e000 ---p 0000d000 08:01 7607794                    /usr/lib/jvm/java-11-openjdk-amd64/lib/libverify.so
7f2804d2e000-7f2804d30000 r--p 0000c000 08:01 7607794                    /usr/lib/jvm/java-11-openjdk-amd64/lib/libverify.so
7f2804d30000-7f2804d31000 rw-p 0000e000 08:01 7607794                    /usr/lib/jvm/java-11-openjdk-amd64/lib/libverify.so
7f2804d31000-7f2804d38000 r-xp 00000000 08:01 27792072                   /lib/x86_64-linux-gnu/librt-2.27.so
7f2804d38000-7f2804f37000 ---p 00007000 08:01 27792072                   /lib/x86_64-linux-gnu/librt-2.27.so
7f2804f37000-7f2804f38000 r--p 00006000 08:01 27792072                   /lib/x86_64-linux-gnu/librt-2.27.so
7f2804f38000-7f2804f39000 rw-p 00007000 08:01 27792072                   /lib/x86_64-linux-gnu/librt-2.27.so
7f2804f39000-7f2804f50000 r-xp 00000000 08:01 27787361                   /lib/x86_64-linux-gnu/libgcc_s.so.1
7f2804f50000-7f280514f000 ---p 00017000 08:01 27787361                   /lib/x86_64-linux-gnu/libgcc_s.so.1
7f280514f000-7f2805150000 r--p 00016000 08:01 27787361                   /lib/x86_64-linux-gnu/libgcc_s.so.1
7f2805150000-7f2805151000 rw-p 00017000 08:01 27787361                   /lib/x86_64-linux-gnu/libgcc_s.so.1
7f2805151000-7f28052ee000 r-xp 00000000 08:01 27791995                   /lib/x86_64-linux-gnu/libm-2.27.so
7f28052ee000-7f28054ed000 ---p 0019d000 08:01 27791995                   /lib/x86_64-linux-gnu/libm-2.27.so
7f28054ed000-7f28054ee000 r--p 0019c000 08:01 27791995                   /lib/x86_64-linux-gnu/libm-2.27.so
7f28054ee000-7f28054ef000 rw-p 0019d000 08:01 27791995                   /lib/x86_64-linux-gnu/libm-2.27.so
7f28054ef000-7f2805668000 r-xp 00000000 08:01 7340338                    /usr/lib/x86_64-linux-gnu/libstdc++.so.6.0.25
7f2805668000-7f2805868000 ---p 00179000 08:01 7340338                    /usr/lib/x86_64-linux-gnu/libstdc++.so.6.0.25
7f2805868000-7f2805872000 r--p 00179000 08:01 7340338                    /usr/lib/x86_64-linux-gnu/libstdc++.so.6.0.25
7f2805872000-7f2805874000 rw-p 00183000 08:01 7340338                    /usr/lib/x86_64-linux-gnu/libstdc++.so.6.0.25
7f2805874000-7f2805878000 rw-p 00000000 00:00 0 
7f2805878000-7f2806994000 r-xp 00000000 08:01 7607801                    /usr/lib/jvm/java-11-openjdk-amd64/lib/server/libjvm.so
7f2806994000-7f2806b93000 ---p 0111c000 08:01 7607801                    /usr/lib/jvm/java-11-openjdk-amd64/lib/server/libjvm.so
7f2806b93000-7f2806c5b000 r--p 0111b000 08:01 7607801                    /usr/lib/jvm/java-11-openjdk-amd64/lib/server/libjvm.so
7f2806c5b000-7f2806c95000 rw-p 011e3000 08:01 7607801                    /usr/lib/jvm/java-11-openjdk-amd64/lib/server/libjvm.so
7f2806c95000-7f2806cea000 rw-p 00000000 00:00 0 
7f2806cea000-7f2806d04000 r-xp 00000000 08:01 27792064                   /lib/x86_64-linux-gnu/libpthread-2.27.so
7f2806d04000-7f2806f03000 ---p 0001a000 08:01 27792064                   /lib/x86_64-linux-gnu/libpthread-2.27.so
7f2806f03000-7f2806f04000 r--p 00019000 08:01 27792064                   /lib/x86_64-linux-gnu/libpthread-2.27.so
7f2806f04000-7f2806f05000 rw-p 0001a000 08:01 27792064                   /lib/x86_64-linux-gnu/libpthread-2.27.so
7f2806f05000-7f2806f09000 rw-p 00000000 00:00 0 
7f2806f09000-7f2806f0c000 r-xp 00000000 08:01 27791955                   /lib/x86_64-linux-gnu/libdl-2.27.so
7f2806f0c000-7f280710b000 ---p 00003000 08:01 27791955                   /lib/x86_64-linux-gnu/libdl-2.27.so
7f280710b000-7f280710c000 r--p 00002000 08:01 27791955                   /lib/x86_64-linux-gnu/libdl-2.27.so
7f280710c000-7f280710d000 rw-p 00003000 08:01 27791955                   /lib/x86_64-linux-gnu/libdl-2.27.so
7f280710d000-7f2807129000 r-xp 00000000 08:01 27792103                   /lib/x86_64-linux-gnu/libz.so.1.2.11
7f2807129000-7f2807328000 ---p 0001c000 08:01 27792103                   /lib/x86_64-linux-gnu/libz.so.1.2.11
7f2807328000-7f2807329000 r--p 0001b000 08:01 27792103                   /lib/x86_64-linux-gnu/libz.so.1.2.11
7f2807329000-7f280732a000 rw-p 0001c000 08:01 27792103                   /lib/x86_64-linux-gnu/libz.so.1.2.11
7f280732a000-7f2807511000 r-xp 00000000 08:01 27791932                   /lib/x86_64-linux-gnu/libc-2.27.so
7f2807511000-7f2807711000 ---p 001e7000 08:01 27791932                   /lib/x86_64-linux-gnu/libc-2.27.so
7f2807711000-7f2807715000 r--p 001e7000 08:01 27791932                   /lib/x86_64-linux-gnu/libc-2.27.so
7f2807715000-7f2807717000 rw-p 001eb000 08:01 27791932                   /lib/x86_64-linux-gnu/libc-2.27.so
7f2807717000-7f280771b000 rw-p 00000000 00:00 0 
7f280771b000-7f280772b000 r-xp 00000000 08:01 7607403                    /usr/lib/jvm/java-11-openjdk-amd64/lib/jli/libjli.so
7f280772b000-7f280792a000 ---p 00010000 08:01 7607403                    /usr/lib/jvm/java-11-openjdk-amd64/lib/jli/libjli.so
7f280792a000-7f280792b000 r--p 0000f000 08:01 7607403                    /usr/lib/jvm/java-11-openjdk-amd64/lib/jli/libjli.so
7f280792b000-7f280792c000 rw-p 00010000 08:01 7607403                    /usr/lib/jvm/java-11-openjdk-amd64/lib/jli/libjli.so
7f280792c000-7f2807953000 r-xp 00000000 08:01 27791904                   /lib/x86_64-linux-gnu/ld-2.27.so
7f280796b000-7f2807a2a000 rw-p 00000000 00:00 0 
7f2807a2a000-7f2807a2e000 ---p 00000000 00:00 0 
7f2807a2e000-7f2807b2d000 rw-p 00000000 00:00 0 
7f2807b32000-7f2807b34000 r--s 00001000 08:01 8774                       /tmp/debugger-agent-storage2152597399258285622jar
7f2807b34000-7f2807b3b000 r--s 00000000 08:01 7603819                    /usr/lib/x86_64-linux-gnu/gconv/gconv-modules.cache
7f2807b3b000-7f2807b40000 rw-p 00000000 00:00 0 
7f2807b40000-7f2807b47000 ---p 00000000 00:00 0 
7f2807b47000-7f2807b4f000 rw-s 00000000 08:01 4197363                    /tmp/hsperfdata_okun/25979
7f2807b4f000-7f2807b50000 ---p 00000000 00:00 0 
7f2807b50000-7f2807b51000 r--p 00000000 00:00 0 
7f2807b51000-7f2807b53000 rw-p 00000000 00:00 0 
7f2807b53000-7f2807b54000 r--p 00027000 08:01 27791904                   /lib/x86_64-linux-gnu/ld-2.27.so
7f2807b54000-7f2807b55000 rw-p 00028000 08:01 27791904                   /lib/x86_64-linux-gnu/ld-2.27.so
7f2807b55000-7f2807b56000 rw-p 00000000 00:00 0 
7ffd7620e000-7ffd7622f000 rw-p 00000000 00:00 0                          [stack]
7ffd76246000-7ffd76249000 r--p 00000000 00:00 0                          [vvar]
7ffd76249000-7ffd7624b000 r-xp 00000000 00:00 0                          [vdso]
ffffffffff600000-ffffffffff601000 r-xp 00000000 00:00 0                  [vsyscall]


VM Arguments:
jvm_args: -agentlib:jdwp=transport=dt_socket,address=127.0.0.1:45887,suspend=y,server=n -javaagent:/home/okun/idea/lib/rt/debugger-agent.jar -Dfile.encoding=UTF-8 
java_command: Main
java_class_path (initial): /home/okun/git/UnsafeObjenesisTest/target/classes:/home/okun/.m2/repository/org/objenesis/objenesis/3.0.1/objenesis-3.0.1.jar:/home/okun/idea/lib/idea_rt.jar
Launcher Type: SUN_STANDARD

[Global flags]
     intx CICompilerCount                          = 3                                         {product} {ergonomic}
     uint ConcGCThreads                            = 1                                         {product} {ergonomic}
     uint G1ConcRefinementThreads                  = 4                                         {product} {ergonomic}
   size_t G1HeapRegionSize                         = 1048576                                   {product} {ergonomic}
    uintx GCDrainStackTargetSize                   = 64                                        {product} {ergonomic}
   size_t InitialHeapSize                          = 197132288                                 {product} {ergonomic}
   size_t MarkStackSize                            = 4194304                                   {product} {ergonomic}
   size_t MaxHeapSize                              = 3126853632                                {product} {ergonomic}
   size_t MaxNewSize                               = 1875902464                                {product} {ergonomic}
   size_t MinHeapDeltaBytes                        = 1048576                                   {product} {ergonomic}
    uintx NonNMethodCodeHeapSize                   = 5830092                                {pd product} {ergonomic}
    uintx NonProfiledCodeHeapSize                  = 122914074                              {pd product} {ergonomic}
    uintx ProfiledCodeHeapSize                     = 122914074                              {pd product} {ergonomic}
    uintx ReservedCodeCacheSize                    = 251658240                              {pd product} {ergonomic}
     bool SegmentedCodeCache                       = true                                      {product} {ergonomic}
     bool UseCompressedClassPointers               = true                                 {lp64_product} {ergonomic}
     bool UseCompressedOops                        = true                                 {lp64_product} {ergonomic}
     bool UseG1GC                                  = true                                      {product} {ergonomic}

Logging:
Log output configuration:
 #0: stdout all=warning uptime,level,tags
 #1: stderr all=off uptime,level,tags

Environment Variables:
PATH=/home/okun/.local/bin:/usr/local/sbin:/usr/local/bin:/usr/sbin:/usr/bin:/sbin:/bin:/usr/games:/usr/local/games:/snap/bin
SHELL=/bin/bash
DISPLAY=:0.0

Signal Handlers:
SIGSEGV: [libjvm.so+0xe1ed10], sa_mask[0]=11111111011111111101111111111110, sa_flags=SA_RESTART|SA_SIGINFO
SIGBUS: [libjvm.so+0xe1ed10], sa_mask[0]=11111111011111111101111111111110, sa_flags=SA_RESTART|SA_SIGINFO
SIGFPE: [libjvm.so+0xe1ed10], sa_mask[0]=11111111011111111101111111111110, sa_flags=SA_RESTART|SA_SIGINFO
SIGPIPE: [libjvm.so+0xbf2760], sa_mask[0]=11111111011111111101111111111110, sa_flags=SA_RESTART|SA_SIGINFO
SIGXFSZ: [libjvm.so+0xbf2760], sa_mask[0]=11111111011111111101111111111110, sa_flags=SA_RESTART|SA_SIGINFO
SIGILL: [libjvm.so+0xe1ed10], sa_mask[0]=11111111011111111101111111111110, sa_flags=SA_RESTART|SA_SIGINFO
SIGUSR2: [libjvm.so+0xbf2600], sa_mask[0]=00100000000000000000000000000000, sa_flags=SA_RESTART|SA_SIGINFO
SIGHUP: SIG_IGN, sa_mask[0]=00000000000000000000000000000000, sa_flags=none
SIGINT: [libjvm.so+0xbf2960], sa_mask[0]=11111111011111111101111111111110, sa_flags=SA_RESTART|SA_SIGINFO
SIGTERM: [libjvm.so+0xbf2960], sa_mask[0]=11111111011111111101111111111110, sa_flags=SA_RESTART|SA_SIGINFO
SIGQUIT: [libjvm.so+0xbf2960], sa_mask[0]=11111111011111111101111111111110, sa_flags=SA_RESTART|SA_SIGINFO


---------------  S Y S T E M  ---------------

OS:DISTRIB_ID=Ubuntu
DISTRIB_RELEASE=18.04
DISTRIB_CODENAME=bionic
DISTRIB_DESCRIPTION="Ubuntu 18.04.1 LTS"
uname:Linux 4.15.0-43-generic #46-Ubuntu SMP Thu Dec 6 14:45:28 UTC 2018 x86_64
libc:glibc 2.27 NPTL 2.27 
rlimit: STACK 8192k, CORE 0k, NPROC 47345, NOFILE 1048576, AS infinity, DATA infinity, FSIZE infinity
load average:0.91 0.93 0.72

/proc/meminfo:
MemTotal:       12207344 kB
MemFree:         1732784 kB
MemAvailable:    6662680 kB
Buffers:          577832 kB
Cached:          4682040 kB
SwapCached:            0 kB
Active:          7149532 kB
Inactive:        2545772 kB
Active(anon):    4331124 kB
Inactive(anon):   623452 kB
Active(file):    2818408 kB
Inactive(file):  1922320 kB
Unevictable:        1412 kB
Mlocked:            1412 kB
SwapTotal:       2097148 kB
SwapFree:        2097148 kB
Dirty:             17480 kB
Writeback:             0 kB
AnonPages:       4436904 kB
Mapped:           847576 kB
Shmem:            519576 kB
Slab:             582532 kB
SReclaimable:     510796 kB
SUnreclaim:        71736 kB
KernelStack:       17568 kB
PageTables:        80236 kB
NFS_Unstable:          0 kB
Bounce:                0 kB
WritebackTmp:          0 kB
CommitLimit:     8200820 kB
Committed_AS:   14323868 kB
VmallocTotal:   34359738367 kB
VmallocUsed:           0 kB
VmallocChunk:          0 kB
HardwareCorrupted:     0 kB
AnonHugePages:         0 kB
ShmemHugePages:        0 kB
ShmemPmdMapped:        0 kB
CmaTotal:              0 kB
CmaFree:               0 kB
HugePages_Total:       0
HugePages_Free:        0
HugePages_Rsvd:        0
HugePages_Surp:        0
Hugepagesize:       2048 kB
DirectMap4k:      340688 kB
DirectMap2M:    12152832 kB


/proc/sys/kernel/threads-max (system-wide limit on the number of threads):
94690


/proc/sys/vm/max_map_count (maximum number of memory map areas a process may have):
65530


/proc/sys/kernel/pid_max (system-wide limit on number of process identifiers):
32768


container (cgroup) information:
container_type: cgroupv1
cpu_cpuset_cpus: 0-3
cpu_memory_nodes: 0
active_processor_count: 4
cpu_quota: -1
cpu_period: 100000
cpu_shares: -1
memory_limit_in_bytes: -1
memory_and_swap_limit_in_bytes: -2
memory_soft_limit_in_bytes: -1
memory_usage_in_bytes: 9929650176
memory_max_usage_in_bytes: 0


CPU:total 4 (initial active 4) (2 cores per cpu, 2 threads per core) family 6 model 42 stepping 7, cmov, cx8, fxsr, mmx, sse, sse2, sse3, ssse3, sse4.1, sse4.2, popcnt, avx, clmul, ht, tsc, tscinvbit
CPU Model and flags from /proc/cpuinfo:
model name	: Intel(R) Core(TM) i3-2100 CPU @ 3.10GHz
flags		: fpu vme de pse tsc msr pae mce cx8 apic sep mtrr pge mca cmov pat pse36 clflush dts acpi mmx fxsr sse sse2 ss ht tm pbe syscall nx rdtscp lm constant_tsc arch_perfmon pebs bts rep_good nopl xtopology nonstop_tsc cpuid aperfmperf pni pclmulqdq dtes64 monitor ds_cpl vmx est tm2 ssse3 cx16 xtpr pdcm pcid sse4_1 sse4_2 popcnt tsc_deadline_timer xsave avx lahf_lm epb pti ssbd ibrs ibpb stibp tpr_shadow vnmi flexpriority ept vpid xsaveopt dtherm arat pln pts flush_l1d

Memory: 4k page, physical 12207344k(1732784k free), swap 2097148k(2097148k free)

vm_info: OpenJDK 64-Bit Server VM (11.0.1+13-Ubuntu-3ubuntu118.04ppa1) for linux-amd64 JRE (11.0.1+13-Ubuntu-3ubuntu118.04ppa1), built on Nov 30 2018 11:27:33 by "buildd" with gcc 7.3.0

END.
